{"C:\\Users\\calebdavenport\\Code\\currency-converter\\App\\index.js": {"path":"C:\\Users\\calebdavenport\\Code\\currency-converter\\App\\index.js","statementMap":{"0":{"start":{"line":1,"column":0},"end":{"line":null,"column":-1}},"1":{"start":{"line":2,"column":0},"end":{"line":null,"column":-1}},"2":{"start":{"line":3,"column":0},"end":{"line":null,"column":-1}},"3":{"start":{"line":5,"column":0},"end":{"line":null,"column":-1}},"4":{"start":{"line":6,"column":0},"end":{"line":null,"column":-1}},"5":{"start":{"line":7,"column":0},"end":{"line":null,"column":-1}},"6":{"start":{"line":10,"column":21},"end":{"line":null,"column":-1}},"7":{"start":{"line":13,"column":33},"end":{"line":10,"column":21}},"8":{"start":{"line":10,"column":21},"end":{"line":10,"column":20}},"9":{"start":{"line":14,"column":4},"end":{"line":null,"column":-1}},"10":{"start":{"line":21,"column":4},"end":{"line":null,"column":-1}}},"fnMap":{"0":{"name":"_class","decl":{"start":{"line":10,"column":2},"end":{"line":10,"column":13}},"loc":{"start":{"line":10,"column":21},"end":{"line":18,"column":3}}}},"branchMap":{"0":{"loc":{"start":{"line":10,"column":21},"end":{"line":11,"column":9}},"type":"binary-expr","locations":[{"start":{"line":10,"column":21},"end":{"line":11,"column":9}},{"start":{"line":10,"column":21},"end":{"line":11,"column":9}}]}},"s":{"0":0,"1":0,"2":0,"3":0,"4":0,"5":0,"6":0,"7":0,"8":0,"9":0,"10":0},"f":{"0":0},"b":{"0":[0,0]}}
,"C:\\Users\\calebdavenport\\Code\\currency-converter\\App\\actions\\currencies.js": {"path":"C:\\Users\\calebdavenport\\Code\\currency-converter\\App\\actions\\currencies.js","statementMap":{"0":{"start":{"line":1,"column":13},"end":{"line":1,"column":7}},"1":{"start":{"line":2,"column":13},"end":{"line":2,"column":7}},"2":{"start":{"line":3,"column":13},"end":{"line":3,"column":7}},"3":{"start":{"line":4,"column":13},"end":{"line":4,"column":7}},"4":{"start":{"line":5,"column":13},"end":{"line":5,"column":7}},"5":{"start":{"line":7,"column":13},"end":{"line":7,"column":7}},"6":{"start":{"line":8,"column":13},"end":{"line":8,"column":7}},"7":{"start":{"line":10,"column":13},"end":{"line":10,"column":7}},"8":{"start":{"line":10,"column":36},"end":{"line":null,"column":-1}},"9":{"start":{"line":14,"column":13},"end":{"line":14,"column":7}},"10":{"start":{"line":14,"column":36},"end":{"line":null,"column":-1}},"11":{"start":{"line":19,"column":13},"end":{"line":19,"column":7}},"12":{"start":{"line":19,"column":28},"end":{"line":null,"column":-1}},"13":{"start":{"line":23,"column":13},"end":{"line":23,"column":7}},"14":{"start":{"line":23,"column":34},"end":{"line":null,"column":-1}},"15":{"start":{"line":28,"column":13},"end":{"line":28,"column":7}},"16":{"start":{"line":28,"column":35},"end":{"line":null,"column":-1}}},"fnMap":{"0":{"name":"getInitialConversion","decl":{"start":{"line":10,"column":13},"end":{"line":10,"column":36}},"loc":{"start":{"line":10,"column":36},"end":{"line":10,"column":7}}},"1":{"name":"changeCurrencyAmount","decl":{"start":{"line":14,"column":13},"end":{"line":14,"column":36}},"loc":{"start":{"line":14,"column":36},"end":{"line":14,"column":7}}},"2":{"name":"swapCurrency","decl":{"start":{"line":19,"column":13},"end":{"line":19,"column":28}},"loc":{"start":{"line":19,"column":28},"end":{"line":19,"column":7}}},"3":{"name":"changeBaseCurrency","decl":{"start":{"line":23,"column":13},"end":{"line":23,"column":34}},"loc":{"start":{"line":23,"column":34},"end":{"line":23,"column":7}}},"4":{"name":"changeQuoteCurrency","decl":{"start":{"line":28,"column":13},"end":{"line":28,"column":35}},"loc":{"start":{"line":28,"column":35},"end":{"line":28,"column":7}}}},"branchMap":{},"s":{"0":0,"1":0,"2":0,"3":0,"4":0,"5":0,"6":0,"7":0,"8":0,"9":0,"10":0,"11":0,"12":0,"13":0,"14":0,"15":0,"16":0},"f":{"0":0,"1":0,"2":0,"3":0,"4":0},"b":{}}
,"C:\\Users\\calebdavenport\\Code\\currency-converter\\App\\actions\\network.js": {"path":"C:\\Users\\calebdavenport\\Code\\currency-converter\\App\\actions\\network.js","statementMap":{"0":{"start":{"line":1,"column":13},"end":{"line":1,"column":7}},"1":{"start":{"line":3,"column":13},"end":{"line":3,"column":7}},"2":{"start":{"line":3,"column":35},"end":{"line":null,"column":-1}}},"fnMap":{"0":{"name":"changeNetworkStatus","decl":{"start":{"line":3,"column":13},"end":{"line":3,"column":35}},"loc":{"start":{"line":3,"column":35},"end":{"line":3,"column":7}}}},"branchMap":{},"s":{"0":0,"1":0,"2":0},"f":{"0":0},"b":{}}
,"C:\\Users\\calebdavenport\\Code\\currency-converter\\App\\actions\\theme.js": {"path":"C:\\Users\\calebdavenport\\Code\\currency-converter\\App\\actions\\theme.js","statementMap":{"0":{"start":{"line":1,"column":13},"end":{"line":1,"column":7}},"1":{"start":{"line":3,"column":13},"end":{"line":3,"column":7}},"2":{"start":{"line":3,"column":34},"end":{"line":null,"column":-1}}},"fnMap":{"0":{"name":"changePrimaryColor","decl":{"start":{"line":3,"column":13},"end":{"line":3,"column":34}},"loc":{"start":{"line":3,"column":34},"end":{"line":3,"column":7}}}},"branchMap":{},"s":{"0":0,"1":0,"2":0},"f":{"0":0},"b":{}}
,"C:\\Users\\calebdavenport\\Code\\currency-converter\\App\\components\\Alert\\DropdownAlert.js": {"path":"C:\\Users\\calebdavenport\\Code\\currency-converter\\App\\components\\Alert\\DropdownAlert.js","statementMap":{"0":{"start":{"line":1,"column":0},"end":{"line":null,"column":-1}},"1":{"start":{"line":2,"column":0},"end":{"line":null,"column":-1}},"2":{"start":{"line":4,"column":0},"end":{"line":null,"column":-1}},"3":{"start":{"line":17,"column":4},"end":{"line":null,"column":-1}},"4":{"start":{"line":23,"column":8},"end":{"line":null,"column":-1}},"5":{"start":{"line":24,"column":10},"end":{"line":null,"column":-1}},"6":{"start":{"line":25,"column":12},"end":{"line":null,"column":-1}},"7":{"start":{"line":32,"column":40},"end":{"line":32,"column":39}},"8":{"start":{"line":33,"column":4},"end":{"line":null,"column":-1}},"9":{"start":{"line":38,"column":9},"end":{"line":null,"column":-1}},"10":{"start":{"line":40,"column":6},"end":{"line":null,"column":-1}},"11":{"start":{"line":43,"column":15},"end":{"line":null,"column":-1}},"12":{"start":{"line":46,"column":10},"end":{"line":null,"column":-1}},"13":{"start":{"line":48,"column":6},"end":{"line":null,"column":-1}},"14":{"start":{"line":51,"column":15},"end":{"line":null,"column":-1}},"15":{"start":{"line":55,"column":28},"end":{"line":55,"column":4}},"16":{"start":{"line":70,"column":4},"end":{"line":null,"column":-1}}},"fnMap":{"0":{"name":"(anonymous_10)","decl":{"start":{"line":22,"column":6},"end":{"line":22,"column":11}},"loc":{"start":{"line":22,"column":12},"end":{"line":17,"column":4}}},"1":{"name":"(anonymous_11)","decl":{"start":{"line":23,"column":25},"end":{"line":23,"column":30}},"loc":{"start":{"line":23,"column":31},"end":{"line":23,"column":8}}},"2":{"name":"(anonymous_12)","decl":{"start":{"line":24,"column":21},"end":{"line":24,"column":26}},"loc":{"start":{"line":24,"column":27},"end":{"line":24,"column":10}}},"3":{"name":"(anonymous_15)","decl":{"start":{"line":39,"column":16},"end":{"line":39,"column":16}},"loc":{"start":{"line":39,"column":29},"end":{"line":39,"column":4}}},"4":{"name":"(anonymous_16)","decl":{"start":{"line":43,"column":15},"end":{"line":null,"column":-1}},"loc":{"start":{"line":43,"column":15},"end":{"line":40,"column":6}}},"5":{"name":"(anonymous_18)","decl":{"start":{"line":47,"column":16},"end":{"line":47,"column":16}},"loc":{"start":{"line":47,"column":29},"end":{"line":47,"column":4}}},"6":{"name":"(anonymous_19)","decl":{"start":{"line":51,"column":15},"end":{"line":null,"column":-1}},"loc":{"start":{"line":51,"column":15},"end":{"line":48,"column":6}}}},"branchMap":{},"s":{"0":0,"1":0,"2":0,"3":0,"4":0,"5":0,"6":0,"7":0,"8":0,"9":0,"10":0,"11":0,"12":0,"13":0,"14":0,"15":0,"16":0},"f":{"0":0,"1":0,"2":0,"3":0,"4":0,"5":0,"6":0},"b":{}}
,"C:\\Users\\calebdavenport\\Code\\currency-converter\\App\\components\\Alert\\index.js": {"path":"C:\\Users\\calebdavenport\\Code\\currency-converter\\App\\components\\Alert\\index.js","statementMap":{"0":{"start":{"line":1,"column":0},"end":{"line":null,"column":-1}},"1":{"start":{"line":2,"column":0},"end":{"line":null,"column":-1}},"2":{"start":{"line":4,"column":21},"end":{"line":4,"column":0}},"3":{"start":{"line":6,"column":13},"end":{"line":6,"column":7}},"4":{"start":{"line":11,"column":11},"end":{"line":null,"column":-1}},"5":{"start":{"line":12,"column":4},"end":{"line":null,"column":-1}},"6":{"start":{"line":21,"column":12},"end":{"line":null,"column":-1}},"7":{"start":{"line":9,"column":18},"end":{"line":null,"column":-1}}},"fnMap":{"0":{"name":"ref","decl":{"start":{"line":20,"column":15},"end":{"line":20,"column":15}},"loc":{"start":{"line":20,"column":24},"end":{"line":22,"column":11}}}},"branchMap":{},"s":{"0":0,"1":0,"2":0,"3":0,"4":0,"5":0,"6":0,"7":0},"f":{"0":0},"b":{}}
,"C:\\Users\\calebdavenport\\Code\\currency-converter\\App\\components\\Alert\\styles.js": {"path":"C:\\Users\\calebdavenport\\Code\\currency-converter\\App\\components\\Alert\\styles.js","statementMap":{"0":{"start":{"line":1,"column":0},"end":{"line":null,"column":-1}}},"fnMap":{},"branchMap":{},"s":{"0":0},"f":{},"b":{}}
,"C:\\Users\\calebdavenport\\Code\\currency-converter\\App\\components\\Button\\ClearButton.js": {"path":"C:\\Users\\calebdavenport\\Code\\currency-converter\\App\\components\\Button\\ClearButton.js","statementMap":{"0":{"start":{"line":1,"column":0},"end":{"line":null,"column":-1}},"1":{"start":{"line":2,"column":0},"end":{"line":null,"column":-1}},"2":{"start":{"line":4,"column":0},"end":{"line":null,"column":-1}},"3":{"start":{"line":6,"column":20},"end":{"line":6,"column":0}},"4":{"start":{"line":6,"column":20},"end":{"line":6,"column":19}},"5":{"start":{"line":6,"column":20},"end":{"line":null,"column":-1}}},"fnMap":{"0":{"name":"ClearButton","decl":{"start":{"line":6,"column":6},"end":{"line":6,"column":20}},"loc":{"start":{"line":6,"column":20},"end":{"line":6,"column":0}}}},"branchMap":{},"s":{"0":0,"1":0,"2":0,"3":0,"4":0,"5":0},"f":{"0":0},"b":{}}
,"C:\\Users\\calebdavenport\\Code\\currency-converter\\App\\components\\Button\\index.js": {"path":"C:\\Users\\calebdavenport\\Code\\currency-converter\\App\\components\\Button\\index.js","statementMap":{"0":{"start":{"line":1,"column":0},"end":{"line":null,"column":-1}},"1":{"start":{"line":2,"column":0},"end":{"line":null,"column":-1}}},"fnMap":{},"branchMap":{},"s":{"0":0,"1":0},"f":{},"b":{}}
,"C:\\Users\\calebdavenport\\Code\\currency-converter\\App\\components\\Button\\styles.js": {"path":"C:\\Users\\calebdavenport\\Code\\currency-converter\\App\\components\\Button\\styles.js","statementMap":{"0":{"start":{"line":1,"column":0},"end":{"line":null,"column":-1}},"1":{"start":{"line":2,"column":0},"end":{"line":null,"column":-1}}},"fnMap":{},"branchMap":{},"s":{"0":0,"1":0},"f":{},"b":{}}
,"C:\\Users\\calebdavenport\\Code\\currency-converter\\App\\components\\Container\\Container.js": {"path":"C:\\Users\\calebdavenport\\Code\\currency-converter\\App\\components\\Container\\Container.js","statementMap":{"0":{"start":{"line":1,"column":0},"end":{"line":null,"column":-1}},"1":{"start":{"line":2,"column":0},"end":{"line":null,"column":-1}},"2":{"start":{"line":4,"column":0},"end":{"line":null,"column":-1}},"3":{"start":{"line":6,"column":18},"end":{"line":6,"column":0}},"4":{"start":{"line":6,"column":53},"end":{"line":6,"column":52}},"5":{"start":{"line":7,"column":26},"end":{"line":7,"column":2}},"6":{"start":{"line":8,"column":2},"end":{"line":10,"column":3}},"7":{"start":{"line":9,"column":4},"end":{"line":null,"column":-1}},"8":{"start":{"line":11,"column":2},"end":{"line":null,"column":-1}}},"fnMap":{"0":{"name":"Container","decl":{"start":{"line":6,"column":6},"end":{"line":6,"column":18}},"loc":{"start":{"line":6,"column":53},"end":{"line":6,"column":0}}}},"branchMap":{"0":{"loc":{"start":{"line":8,"column":2},"end":{"line":10,"column":3}},"type":"if","locations":[{"start":{"line":8,"column":2},"end":{"line":10,"column":3}},{"start":{"line":8,"column":2},"end":{"line":10,"column":3}}]}},"s":{"0":0,"1":0,"2":0,"3":0,"4":0,"5":0,"6":0,"7":0,"8":0},"f":{"0":0},"b":{"0":[0,0]}}
,"C:\\Users\\calebdavenport\\Code\\currency-converter\\App\\components\\Container\\index.js": {"path":"C:\\Users\\calebdavenport\\Code\\currency-converter\\App\\components\\Container\\index.js","statementMap":{"0":{"start":{"line":1,"column":0},"end":{"line":null,"column":-1}},"1":{"start":{"line":2,"column":0},"end":{"line":null,"column":-1}}},"fnMap":{},"branchMap":{},"s":{"0":0,"1":0},"f":{},"b":{}}
,"C:\\Users\\calebdavenport\\Code\\currency-converter\\App\\components\\Container\\styles.js": {"path":"C:\\Users\\calebdavenport\\Code\\currency-converter\\App\\components\\Container\\styles.js","statementMap":{"0":{"start":{"line":1,"column":0},"end":{"line":null,"column":-1}},"1":{"start":{"line":2,"column":0},"end":{"line":null,"column":-1}}},"fnMap":{},"branchMap":{},"s":{"0":0,"1":0},"f":{},"b":{}}
,"C:\\Users\\calebdavenport\\Code\\currency-converter\\App\\components\\Header\\Header.js": {"path":"C:\\Users\\calebdavenport\\Code\\currency-converter\\App\\components\\Header\\Header.js","statementMap":{"0":{"start":{"line":1,"column":0},"end":{"line":null,"column":-1}},"1":{"start":{"line":2,"column":0},"end":{"line":null,"column":-1}},"2":{"start":{"line":4,"column":0},"end":{"line":null,"column":-1}},"3":{"start":{"line":6,"column":15},"end":{"line":6,"column":0}},"4":{"start":{"line":6,"column":15},"end":{"line":6,"column":14}},"5":{"start":{"line":6,"column":15},"end":{"line":null,"column":-1}}},"fnMap":{"0":{"name":"Header","decl":{"start":{"line":6,"column":6},"end":{"line":6,"column":15}},"loc":{"start":{"line":6,"column":15},"end":{"line":6,"column":0}}}},"branchMap":{"0":{"loc":{"start":{"line":9,"column":6},"end":{"line":8,"column":5}},"type":"cond-expr","locations":[{"start":{"line":9,"column":6},"end":{"line":8,"column":5}},{"start":{"line":12,"column":8},"end":{"line":7,"column":2}}]}},"s":{"0":0,"1":0,"2":0,"3":0,"4":0,"5":0},"f":{"0":0},"b":{"0":[0,0]}}
,"C:\\Users\\calebdavenport\\Code\\currency-converter\\App\\components\\Header\\index.js": {"path":"C:\\Users\\calebdavenport\\Code\\currency-converter\\App\\components\\Header\\index.js","statementMap":{"0":{"start":{"line":1,"column":0},"end":{"line":null,"column":-1}},"1":{"start":{"line":2,"column":0},"end":{"line":null,"column":-1}}},"fnMap":{},"branchMap":{},"s":{"0":0,"1":0},"f":{},"b":{}}
,"C:\\Users\\calebdavenport\\Code\\currency-converter\\App\\components\\Header\\styles.js": {"path":"C:\\Users\\calebdavenport\\Code\\currency-converter\\App\\components\\Header\\styles.js","statementMap":{"0":{"start":{"line":1,"column":0},"end":{"line":null,"column":-1}}},"fnMap":{},"branchMap":{},"s":{"0":0},"f":{},"b":{}}
,"C:\\Users\\calebdavenport\\Code\\currency-converter\\App\\components\\List\\Icon.js": {"path":"C:\\Users\\calebdavenport\\Code\\currency-converter\\App\\components\\List\\Icon.js","statementMap":{"0":{"start":{"line":1,"column":0},"end":{"line":null,"column":-1}},"1":{"start":{"line":2,"column":0},"end":{"line":null,"column":-1}},"2":{"start":{"line":4,"column":0},"end":{"line":null,"column":-1}},"3":{"start":{"line":6,"column":16},"end":{"line":6,"column":0}},"4":{"start":{"line":7,"column":2},"end":{"line":null,"column":-1}},"5":{"start":{"line":9,"column":6},"end":{"line":null,"column":-1}},"6":{"start":{"line":11,"column":6},"end":{"line":null,"column":-1}},"7":{"start":{"line":14,"column":6},"end":{"line":null,"column":-1}},"8":{"start":{"line":18,"column":13},"end":{"line":18,"column":0}},"9":{"start":{"line":20,"column":6},"end":{"line":20,"column":5}},"10":{"start":{"line":21,"column":2},"end":{"line":46,"column":3}},"11":{"start":{"line":22,"column":28},"end":{"line":22,"column":4}},"12":{"start":{"line":23,"column":4},"end":{"line":25,"column":5}},"13":{"start":{"line":24,"column":6},"end":{"line":null,"column":-1}},"14":{"start":{"line":26,"column":4},"end":{"line":28,"column":5}},"15":{"start":{"line":27,"column":6},"end":{"line":null,"column":-1}},"16":{"start":{"line":30,"column":23},"end":{"line":30,"column":4}},"17":{"start":{"line":31,"column":4},"end":{"line":33,"column":5}},"18":{"start":{"line":32,"column":6},"end":{"line":null,"column":-1}},"19":{"start":{"line":35,"column":4},"end":{"line":37,"column":5}},"20":{"start":{"line":36,"column":6},"end":{"line":null,"column":-1}},"21":{"start":{"line":39,"column":4},"end":{"line":null,"column":-1}},"22":{"start":{"line":48,"column":2},"end":{"line":null,"column":-1}}},"fnMap":{"0":{"name":"getIcon","decl":{"start":{"line":6,"column":6},"end":{"line":6,"column":16}},"loc":{"start":{"line":6,"column":26},"end":{"line":6,"column":0}}},"1":{"name":"Icon","decl":{"start":{"line":18,"column":6},"end":{"line":18,"column":13}},"loc":{"start":{"line":20,"column":6},"end":{"line":18,"column":0}}}},"branchMap":{"0":{"loc":{"start":{"line":8,"column":4},"end":{"line":9,"column":6}},"type":"switch","locations":[{"start":{"line":8,"column":4},"end":{"line":9,"column":6}},{"start":{"line":10,"column":4},"end":{"line":11,"column":6}},{"start":{"line":12,"column":4},"end":{"line":null,"column":-1}},{"start":{"line":13,"column":4},"end":{"line":14,"column":6}}]},"1":{"loc":{"start":{"line":21,"column":2},"end":{"line":46,"column":3}},"type":"if","locations":[{"start":{"line":21,"column":2},"end":{"line":46,"column":3}},{"start":{"line":21,"column":2},"end":{"line":46,"column":3}}]},"2":{"loc":{"start":{"line":23,"column":4},"end":{"line":25,"column":5}},"type":"if","locations":[{"start":{"line":23,"column":4},"end":{"line":25,"column":5}},{"start":{"line":23,"column":4},"end":{"line":25,"column":5}}]},"3":{"loc":{"start":{"line":26,"column":4},"end":{"line":28,"column":5}},"type":"if","locations":[{"start":{"line":26,"column":4},"end":{"line":28,"column":5}},{"start":{"line":26,"column":4},"end":{"line":28,"column":5}}]},"4":{"loc":{"start":{"line":31,"column":4},"end":{"line":33,"column":5}},"type":"if","locations":[{"start":{"line":31,"column":4},"end":{"line":33,"column":5}},{"start":{"line":31,"column":4},"end":{"line":33,"column":5}}]},"5":{"loc":{"start":{"line":35,"column":4},"end":{"line":37,"column":5}},"type":"if","locations":[{"start":{"line":35,"column":4},"end":{"line":37,"column":5}},{"start":{"line":35,"column":4},"end":{"line":37,"column":5}}]},"6":{"loc":{"start":{"line":42,"column":10},"end":{"line":41,"column":9}},"type":"cond-expr","locations":[{"start":{"line":42,"column":10},"end":{"line":41,"column":9}},{"start":{"line":43,"column":12},"end":{"line":null,"column":-1}}]}},"s":{"0":0,"1":0,"2":0,"3":0,"4":0,"5":0,"6":0,"7":0,"8":0,"9":0,"10":0,"11":0,"12":0,"13":0,"14":0,"15":0,"16":0,"17":0,"18":0,"19":0,"20":0,"21":0,"22":0},"f":{"0":0,"1":0},"b":{"0":[0,0,0,0],"1":[0,0],"2":[0,0],"3":[0,0],"4":[0,0],"5":[0,0],"6":[0,0]}}
,"C:\\Users\\calebdavenport\\Code\\currency-converter\\App\\components\\List\\ListItem.js": {"path":"C:\\Users\\calebdavenport\\Code\\currency-converter\\App\\components\\List\\ListItem.js","statementMap":{"0":{"start":{"line":1,"column":0},"end":{"line":null,"column":-1}},"1":{"start":{"line":2,"column":0},"end":{"line":null,"column":-1}},"2":{"start":{"line":4,"column":0},"end":{"line":null,"column":-1}},"3":{"start":{"line":5,"column":0},"end":{"line":null,"column":-1}},"4":{"start":{"line":6,"column":0},"end":{"line":null,"column":-1}},"5":{"start":{"line":8,"column":17},"end":{"line":8,"column":0}},"6":{"start":{"line":8,"column":17},"end":{"line":8,"column":16}},"7":{"start":{"line":8,"column":17},"end":{"line":null,"column":-1}}},"fnMap":{"0":{"name":"ListItem","decl":{"start":{"line":8,"column":6},"end":{"line":8,"column":17}},"loc":{"start":{"line":8,"column":17},"end":{"line":8,"column":0}}}},"branchMap":{"0":{"loc":{"start":{"line":11,"column":13},"end":{"line":8,"column":17}},"type":"cond-expr","locations":[{"start":{"line":11,"column":13},"end":{"line":8,"column":17}},{"start":{"line":8,"column":17},"end":{"line":null,"column":-1}}]},"1":{"loc":{"start":{"line":12,"column":12},"end":{"line":8,"column":17}},"type":"cond-expr","locations":[{"start":{"line":12,"column":12},"end":{"line":8,"column":17}},{"start":{"line":8,"column":17},"end":{"line":null,"column":-1}}]},"2":{"loc":{"start":{"line":13,"column":15},"end":{"line":8,"column":17}},"type":"cond-expr","locations":[{"start":{"line":13,"column":15},"end":{"line":8,"column":17}},{"start":{"line":8,"column":17},"end":{"line":null,"column":-1}}]},"3":{"loc":{"start":{"line":21,"column":8},"end":{"line":20,"column":7}},"type":"cond-expr","locations":[{"start":{"line":21,"column":8},"end":{"line":20,"column":7}},{"start":{"line":23,"column":8},"end":{"line":18,"column":4}}]}},"s":{"0":0,"1":0,"2":0,"3":0,"4":0,"5":0,"6":0,"7":0},"f":{"0":0},"b":{"0":[0,0],"1":[0,0],"2":[0,0],"3":[0,0]}}
,"C:\\Users\\calebdavenport\\Code\\currency-converter\\App\\components\\List\\Separator.js": {"path":"C:\\Users\\calebdavenport\\Code\\currency-converter\\App\\components\\List\\Separator.js","statementMap":{"0":{"start":{"line":1,"column":0},"end":{"line":null,"column":-1}},"1":{"start":{"line":2,"column":0},"end":{"line":null,"column":-1}},"2":{"start":{"line":4,"column":0},"end":{"line":null,"column":-1}},"3":{"start":{"line":6,"column":18},"end":{"line":6,"column":0}},"4":{"start":{"line":6,"column":18},"end":{"line":null,"column":-1}}},"fnMap":{"0":{"name":"Separator","decl":{"start":{"line":6,"column":6},"end":{"line":6,"column":18}},"loc":{"start":{"line":6,"column":18},"end":{"line":6,"column":0}}}},"branchMap":{},"s":{"0":0,"1":0,"2":0,"3":0,"4":0},"f":{"0":0},"b":{}}
,"C:\\Users\\calebdavenport\\Code\\currency-converter\\App\\components\\List\\index.js": {"path":"C:\\Users\\calebdavenport\\Code\\currency-converter\\App\\components\\List\\index.js","statementMap":{"0":{"start":{"line":1,"column":0},"end":{"line":null,"column":-1}},"1":{"start":{"line":2,"column":0},"end":{"line":null,"column":-1}},"2":{"start":{"line":3,"column":0},"end":{"line":null,"column":-1}},"3":{"start":{"line":4,"column":0},"end":{"line":null,"column":-1}}},"fnMap":{},"branchMap":{},"s":{"0":0,"1":0,"2":0,"3":0},"f":{},"b":{}}
,"C:\\Users\\calebdavenport\\Code\\currency-converter\\App\\components\\List\\styles.js": {"path":"C:\\Users\\calebdavenport\\Code\\currency-converter\\App\\components\\List\\styles.js","statementMap":{"0":{"start":{"line":1,"column":0},"end":{"line":null,"column":-1}},"1":{"start":{"line":2,"column":0},"end":{"line":null,"column":-1}}},"fnMap":{},"branchMap":{},"s":{"0":0,"1":0},"f":{},"b":{}}
,"C:\\Users\\calebdavenport\\Code\\currency-converter\\App\\components\\Logo\\Logo.js": {"path":"C:\\Users\\calebdavenport\\Code\\currency-converter\\App\\components\\Logo\\Logo.js","statementMap":{"0":{"start":{"line":1,"column":0},"end":{"line":null,"column":-1}},"1":{"start":{"line":2,"column":0},"end":{"line":null,"column":-1}},"2":{"start":{"line":4,"column":0},"end":{"line":null,"column":-1}},"3":{"start":{"line":6,"column":27},"end":{"line":6,"column":0}},"4":{"start":{"line":9,"column":21},"end":{"line":null,"column":-1}},"5":{"start":{"line":36,"column":4},"end":{"line":null,"column":-1}},"6":{"start":{"line":49,"column":4},"end":{"line":null,"column":-1}},"7":{"start":{"line":12,"column":4},"end":{"line":null,"column":-1}},"8":{"start":{"line":19,"column":17},"end":{"line":19,"column":4}},"9":{"start":{"line":20,"column":4},"end":{"line":null,"column":-1}},"10":{"start":{"line":24,"column":4},"end":{"line":null,"column":-1}},"11":{"start":{"line":31,"column":4},"end":{"line":null,"column":-1}},"12":{"start":{"line":32,"column":4},"end":{"line":null,"column":-1}},"13":{"start":{"line":62,"column":33},"end":{"line":62,"column":4}},"14":{"start":{"line":66,"column":24},"end":{"line":66,"column":4}},"15":{"start":{"line":72,"column":4},"end":{"line":null,"column":-1}}},"fnMap":{"0":{"name":"Logo","decl":{"start":{"line":9,"column":2},"end":{"line":9,"column":13}},"loc":{"start":{"line":9,"column":21},"end":{"line":16,"column":3}}},"1":{"name":"(anonymous_9)","decl":{"start":{"line":35,"column":21},"end":{"line":35,"column":26}},"loc":{"start":{"line":35,"column":27},"end":{"line":9,"column":21}}},"2":{"name":"(anonymous_10)","decl":{"start":{"line":48,"column":21},"end":{"line":48,"column":26}},"loc":{"start":{"line":48,"column":27},"end":{"line":9,"column":21}}}},"branchMap":{"0":{"loc":{"start":{"line":9,"column":21},"end":{"line":10,"column":9}},"type":"binary-expr","locations":[{"start":{"line":9,"column":21},"end":{"line":10,"column":9}},{"start":{"line":9,"column":21},"end":{"line":10,"column":9}}]},"1":{"loc":{"start":{"line":19,"column":41},"end":{"line":19,"column":17}},"type":"cond-expr","locations":[{"start":{"line":19,"column":41},"end":{"line":19,"column":17}},{"start":{"line":19,"column":50},"end":{"line":19,"column":4}}]},"2":{"loc":{"start":{"line":69,"column":29},"end":{"line":69,"column":6}},"type":"cond-expr","locations":[{"start":{"line":69,"column":29},"end":{"line":69,"column":6}},{"start":{"line":69,"column":67},"end":{"line":66,"column":24}}]}},"s":{"0":0,"1":0,"2":0,"3":0,"4":0,"5":0,"6":0,"7":0,"8":0,"9":0,"10":0,"11":0,"12":0,"13":0,"14":0,"15":0},"f":{"0":0,"1":0,"2":0},"b":{"0":[0,0],"1":[0,0],"2":[0,0]}}
,"C:\\Users\\calebdavenport\\Code\\currency-converter\\App\\components\\Logo\\index.js": {"path":"C:\\Users\\calebdavenport\\Code\\currency-converter\\App\\components\\Logo\\index.js","statementMap":{"0":{"start":{"line":1,"column":0},"end":{"line":null,"column":-1}},"1":{"start":{"line":2,"column":0},"end":{"line":null,"column":-1}}},"fnMap":{},"branchMap":{},"s":{"0":0,"1":0},"f":{},"b":{}}
,"C:\\Users\\calebdavenport\\Code\\currency-converter\\App\\components\\Logo\\styles.js": {"path":"C:\\Users\\calebdavenport\\Code\\currency-converter\\App\\components\\Logo\\styles.js","statementMap":{"0":{"start":{"line":1,"column":0},"end":{"line":null,"column":-1}},"1":{"start":{"line":2,"column":0},"end":{"line":null,"column":-1}},"2":{"start":{"line":4,"column":19},"end":{"line":4,"column":0}},"3":{"start":{"line":6,"column":13},"end":{"line":6,"column":7}}},"fnMap":{},"branchMap":{},"s":{"0":0,"1":0,"2":0,"3":0},"f":{},"b":{}}
,"C:\\Users\\calebdavenport\\Code\\currency-converter\\App\\components\\Text\\LastConverted.js": {"path":"C:\\Users\\calebdavenport\\Code\\currency-converter\\App\\components\\Text\\LastConverted.js","statementMap":{"0":{"start":{"line":1,"column":0},"end":{"line":null,"column":-1}},"1":{"start":{"line":2,"column":0},"end":{"line":null,"column":-1}},"2":{"start":{"line":3,"column":0},"end":{"line":null,"column":-1}},"3":{"start":{"line":5,"column":0},"end":{"line":null,"column":-1}},"4":{"start":{"line":7,"column":22},"end":{"line":7,"column":0}},"5":{"start":{"line":7,"column":22},"end":{"line":7,"column":21}},"6":{"start":{"line":7,"column":22},"end":{"line":null,"column":-1}}},"fnMap":{"0":{"name":"LastConverted","decl":{"start":{"line":7,"column":6},"end":{"line":7,"column":22}},"loc":{"start":{"line":7,"column":22},"end":{"line":7,"column":0}}}},"branchMap":{},"s":{"0":0,"1":0,"2":0,"3":0,"4":0,"5":0,"6":0},"f":{"0":0},"b":{}}
,"C:\\Users\\calebdavenport\\Code\\currency-converter\\App\\components\\Text\\index.js": {"path":"C:\\Users\\calebdavenport\\Code\\currency-converter\\App\\components\\Text\\index.js","statementMap":{"0":{"start":{"line":1,"column":0},"end":{"line":null,"column":-1}},"1":{"start":{"line":2,"column":0},"end":{"line":null,"column":-1}}},"fnMap":{},"branchMap":{},"s":{"0":0,"1":0},"f":{},"b":{}}
,"C:\\Users\\calebdavenport\\Code\\currency-converter\\App\\components\\Text\\styles.js": {"path":"C:\\Users\\calebdavenport\\Code\\currency-converter\\App\\components\\Text\\styles.js","statementMap":{"0":{"start":{"line":1,"column":0},"end":{"line":null,"column":-1}},"1":{"start":{"line":2,"column":0},"end":{"line":null,"column":-1}}},"fnMap":{},"branchMap":{},"s":{"0":0,"1":0},"f":{},"b":{}}
,"C:\\Users\\calebdavenport\\Code\\currency-converter\\App\\components\\TextInput\\InputWithButton.js": {"path":"C:\\Users\\calebdavenport\\Code\\currency-converter\\App\\components\\TextInput\\InputWithButton.js","statementMap":{"0":{"start":{"line":1,"column":0},"end":{"line":null,"column":-1}},"1":{"start":{"line":2,"column":0},"end":{"line":null,"column":-1}},"2":{"start":{"line":4,"column":0},"end":{"line":null,"column":-1}},"3":{"start":{"line":5,"column":0},"end":{"line":null,"column":-1}},"4":{"start":{"line":7,"column":24},"end":{"line":7,"column":0}},"5":{"start":{"line":8,"column":26},"end":{"line":8,"column":2}},"6":{"start":{"line":9,"column":2},"end":{"line":11,"column":3}},"7":{"start":{"line":10,"column":4},"end":{"line":null,"column":-1}},"8":{"start":{"line":13,"column":27},"end":{"line":13,"column":2}},"9":{"start":{"line":14,"column":2},"end":{"line":16,"column":3}},"10":{"start":{"line":15,"column":4},"end":{"line":null,"column":-1}},"11":{"start":{"line":18,"column":2},"end":{"line":null,"column":-1}}},"fnMap":{"0":{"name":"InputWithButton","decl":{"start":{"line":7,"column":6},"end":{"line":7,"column":24}},"loc":{"start":{"line":7,"column":35},"end":{"line":7,"column":0}}}},"branchMap":{"0":{"loc":{"start":{"line":9,"column":2},"end":{"line":11,"column":3}},"type":"if","locations":[{"start":{"line":9,"column":2},"end":{"line":11,"column":3}},{"start":{"line":9,"column":2},"end":{"line":11,"column":3}}]},"1":{"loc":{"start":{"line":14,"column":2},"end":{"line":16,"column":3}},"type":"if","locations":[{"start":{"line":14,"column":2},"end":{"line":16,"column":3}},{"start":{"line":14,"column":2},"end":{"line":16,"column":3}}]}},"s":{"0":0,"1":0,"2":0,"3":0,"4":0,"5":0,"6":0,"7":0,"8":0,"9":0,"10":0,"11":0},"f":{"0":0},"b":{"0":[0,0],"1":[0,0]}}
,"C:\\Users\\calebdavenport\\Code\\currency-converter\\App\\components\\TextInput\\index.js": {"path":"C:\\Users\\calebdavenport\\Code\\currency-converter\\App\\components\\TextInput\\index.js","statementMap":{"0":{"start":{"line":1,"column":0},"end":{"line":null,"column":-1}},"1":{"start":{"line":2,"column":0},"end":{"line":null,"column":-1}}},"fnMap":{},"branchMap":{},"s":{"0":0,"1":0},"f":{},"b":{}}
,"C:\\Users\\calebdavenport\\Code\\currency-converter\\App\\components\\TextInput\\styles.js": {"path":"C:\\Users\\calebdavenport\\Code\\currency-converter\\App\\components\\TextInput\\styles.js","statementMap":{"0":{"start":{"line":1,"column":0},"end":{"line":null,"column":-1}},"1":{"start":{"line":2,"column":0},"end":{"line":null,"column":-1}},"2":{"start":{"line":4,"column":21},"end":{"line":4,"column":0}},"3":{"start":{"line":5,"column":22},"end":{"line":5,"column":0}}},"fnMap":{},"branchMap":{},"s":{"0":0,"1":0,"2":0,"3":0},"f":{},"b":{}}
,"C:\\Users\\calebdavenport\\Code\\currency-converter\\App\\config\\routes.js": {"path":"C:\\Users\\calebdavenport\\Code\\currency-converter\\App\\config\\routes.js","statementMap":{"0":{"start":{"line":1,"column":0},"end":{"line":null,"column":-1}},"1":{"start":{"line":3,"column":0},"end":{"line":null,"column":-1}},"2":{"start":{"line":4,"column":0},"end":{"line":null,"column":-1}},"3":{"start":{"line":5,"column":0},"end":{"line":null,"column":-1}},"4":{"start":{"line":6,"column":0},"end":{"line":null,"column":-1}},"5":{"start":{"line":8,"column":18},"end":{"line":8,"column":0}},"6":{"start":{"line":13,"column":16},"end":{"line":null,"column":-1}},"7":{"start":{"line":35,"column":26},"end":{"line":35,"column":0}},"8":{"start":{"line":38,"column":23},"end":{"line":38,"column":22}},"9":{"start":{"line":38,"column":23},"end":{"line":null,"column":-1}}},"fnMap":{"0":{"name":"header","decl":{"start":{"line":13,"column":16},"end":{"line":null,"column":-1}},"loc":{"start":{"line":13,"column":16},"end":{"line":12,"column":25}}},"1":{"name":"navigationOptions","decl":{"start":{"line":38,"column":23},"end":{"line":null,"column":-1}},"loc":{"start":{"line":38,"column":23},"end":{"line":null,"column":-1}}}},"branchMap":{},"s":{"0":0,"1":0,"2":0,"3":0,"4":0,"5":0,"6":0,"7":0,"8":0,"9":0},"f":{"0":0,"1":0},"b":{}}
,"C:\\Users\\calebdavenport\\Code\\currency-converter\\App\\config\\sagas.js": {"path":"C:\\Users\\calebdavenport\\Code\\currency-converter\\App\\config\\sagas.js","statementMap":{"0":{"start":{"line":1,"column":0},"end":{"line":null,"column":-1}},"1":{"start":{"line":2,"column":0},"end":{"line":null,"column":-1}},"2":{"start":{"line":4,"column":0},"end":{"line":null,"column":-1}},"3":{"start":{"line":12,"column":23},"end":{"line":12,"column":0}},"4":{"start":{"line":12,"column":23},"end":{"line":null,"column":-1}},"5":{"start":{"line":14,"column":4},"end":{"line":null,"column":-1}},"6":{"start":{"line":14,"column":15},"end":{"line":null,"column":-1}},"7":{"start":{"line":15,"column":4},"end":{"line":null,"column":-1}},"8":{"start":{"line":18,"column":13},"end":{"line":18,"column":7}},"9":{"start":{"line":18,"column":29},"end":{"line":null,"column":-1}},"10":{"start":{"line":21,"column":6},"end":{"line":21,"column":0}},"11":{"start":{"line":21,"column":35},"end":{"line":21,"column":34}},"12":{"start":{"line":21,"column":35},"end":{"line":null,"column":-1}},"13":{"start":{"line":22,"column":55},"end":{"line":null,"column":-1}},"14":{"start":{"line":22,"column":10},"end":{"line":21,"column":35}},"15":{"start":{"line":22,"column":21},"end":{"line":21,"column":35}},"16":{"start":{"line":32,"column":8},"end":{"line":21,"column":35}},"17":{"start":{"line":34,"column":34},"end":{"line":null,"column":-1}},"18":{"start":{"line":34,"column":6},"end":{"line":21,"column":35}},"19":{"start":{"line":36,"column":10},"end":{"line":21,"column":35}},"20":{"start":{"line":37,"column":10},"end":{"line":21,"column":35}},"21":{"start":{"line":48,"column":6},"end":{"line":48,"column":0}},"22":{"start":{"line":48,"column":29},"end":{"line":null,"column":-1}},"23":{"start":{"line":49,"column":8},"end":{"line":48,"column":29}},"24":{"start":{"line":50,"column":29},"end":{"line":null,"column":-1}},"25":{"start":{"line":50,"column":8},"end":{"line":48,"column":29}},"26":{"start":{"line":57,"column":6},"end":{"line":57,"column":0}},"27":{"start":{"line":57,"column":17},"end":{"line":null,"column":-1}}},"fnMap":{"0":{"name":"requestTimeout","decl":{"start":{"line":12,"column":6},"end":{"line":12,"column":23}},"loc":{"start":{"line":12,"column":23},"end":{"line":12,"column":0}}},"1":{"name":"(anonymous_1)","decl":{"start":{"line":13,"column":14},"end":{"line":13,"column":14}},"loc":{"start":{"line":13,"column":35},"end":{"line":13,"column":2}}},"2":{"name":"(anonymous_2)","decl":{"start":{"line":14,"column":15},"end":{"line":null,"column":-1}},"loc":{"start":{"line":14,"column":15},"end":{"line":14,"column":4}}},"3":{"name":"getLatestRate","decl":{"start":{"line":18,"column":13},"end":{"line":18,"column":29}},"loc":{"start":{"line":18,"column":29},"end":{"line":18,"column":7}}},"4":{"name":"fetchLatestConversionRates","decl":{"start":{"line":21,"column":6},"end":{"line":21,"column":35}},"loc":{"start":{"line":21,"column":35},"end":{"line":21,"column":6}}},"5":{"name":"fetchLatestConversionRates$","decl":{"start":{"line":21,"column":35},"end":{"line":null,"column":-1}},"loc":{"start":{"line":21,"column":35},"end":{"line":21,"column":5}}},"6":{"name":"(anonymous_6)","decl":{"start":{"line":22,"column":55},"end":{"line":null,"column":-1}},"loc":{"start":{"line":22,"column":55},"end":{"line":22,"column":48}}},"7":{"name":"(anonymous_7)","decl":{"start":{"line":34,"column":34},"end":{"line":null,"column":-1}},"loc":{"start":{"line":34,"column":34},"end":{"line":34,"column":27}}},"8":{"name":"clearConversionError","decl":{"start":{"line":48,"column":6},"end":{"line":48,"column":29}},"loc":{"start":{"line":48,"column":29},"end":{"line":48,"column":6}}},"9":{"name":"clearConversionError$","decl":{"start":{"line":48,"column":29},"end":{"line":null,"column":-1}},"loc":{"start":{"line":48,"column":29},"end":{"line":48,"column":5}}},"10":{"name":"(anonymous_10)","decl":{"start":{"line":50,"column":29},"end":{"line":null,"column":-1}},"loc":{"start":{"line":50,"column":29},"end":{"line":50,"column":22}}},"11":{"name":"rootSaga","decl":{"start":{"line":57,"column":6},"end":{"line":57,"column":17}},"loc":{"start":{"line":57,"column":17},"end":{"line":57,"column":6}}},"12":{"name":"rootSaga$","decl":{"start":{"line":57,"column":17},"end":{"line":null,"column":-1}},"loc":{"start":{"line":57,"column":17},"end":{"line":57,"column":5}}}},"branchMap":{"0":{"loc":{"start":{"line":21,"column":35},"end":{"line":null,"column":-1}},"type":"switch","locations":[{"start":{"line":21,"column":35},"end":{"line":null,"column":-1}},{"start":{"line":21,"column":35},"end":{"line":null,"column":-1}},{"start":{"line":21,"column":35},"end":{"line":null,"column":-1}},{"start":{"line":21,"column":35},"end":{"line":null,"column":-1}},{"start":{"line":21,"column":35},"end":{"line":null,"column":-1}},{"start":{"line":21,"column":35},"end":{"line":null,"column":-1}},{"start":{"line":21,"column":35},"end":{"line":null,"column":-1}},{"start":{"line":21,"column":35},"end":{"line":null,"column":-1}},{"start":{"line":21,"column":35},"end":{"line":null,"column":-1}},{"start":{"line":21,"column":35},"end":{"line":null,"column":-1}},{"start":{"line":21,"column":35},"end":{"line":null,"column":-1}},{"start":{"line":21,"column":35},"end":{"line":null,"column":-1}},{"start":{"line":21,"column":35},"end":{"line":null,"column":-1}},{"start":{"line":21,"column":35},"end":{"line":null,"column":-1}}]},"1":{"loc":{"start":{"line":21,"column":35},"end":{"line":null,"column":-1}},"type":"if","locations":[{"start":{"line":21,"column":35},"end":{"line":null,"column":-1}},{"start":{"line":21,"column":35},"end":{"line":null,"column":-1}}]},"2":{"loc":{"start":{"line":23,"column":6},"end":{"line":23,"column":5}},"type":"binary-expr","locations":[{"start":{"line":23,"column":6},"end":{"line":23,"column":5}},{"start":{"line":23,"column":20},"end":{"line":21,"column":35}}]},"3":{"loc":{"start":{"line":48,"column":29},"end":{"line":null,"column":-1}},"type":"switch","locations":[{"start":{"line":48,"column":29},"end":{"line":null,"column":-1}},{"start":{"line":48,"column":29},"end":{"line":null,"column":-1}},{"start":{"line":48,"column":29},"end":{"line":null,"column":-1}},{"start":{"line":48,"column":29},"end":{"line":null,"column":-1}},{"start":{"line":48,"column":29},"end":{"line":null,"column":-1}}]},"4":{"loc":{"start":{"line":48,"column":29},"end":{"line":null,"column":-1}},"type":"if","locations":[{"start":{"line":48,"column":29},"end":{"line":null,"column":-1}},{"start":{"line":48,"column":29},"end":{"line":null,"column":-1}}]},"5":{"loc":{"start":{"line":57,"column":17},"end":{"line":null,"column":-1}},"type":"switch","locations":[{"start":{"line":57,"column":17},"end":{"line":null,"column":-1}},{"start":{"line":57,"column":17},"end":{"line":null,"column":-1}},{"start":{"line":57,"column":17},"end":{"line":null,"column":-1}},{"start":{"line":57,"column":17},"end":{"line":null,"column":-1}},{"start":{"line":57,"column":17},"end":{"line":null,"column":-1}},{"start":{"line":57,"column":17},"end":{"line":null,"column":-1}}]}},"s":{"0":0,"1":0,"2":0,"3":0,"4":0,"5":0,"6":0,"7":0,"8":0,"9":0,"10":0,"11":0,"12":0,"13":0,"14":0,"15":0,"16":0,"17":0,"18":0,"19":0,"20":0,"21":0,"22":0,"23":0,"24":0,"25":0,"26":0,"27":0},"f":{"0":0,"1":0,"2":0,"3":0,"4":0,"5":0,"6":0,"7":0,"8":0,"9":0,"10":0,"11":0,"12":0},"b":{"0":[0,0,0,0,0,0,0,0,0,0,0,0,0,0],"1":[0,0],"2":[0,0],"3":[0,0,0,0,0],"4":[0,0],"5":[0,0,0,0,0,0]}}
,"C:\\Users\\calebdavenport\\Code\\currency-converter\\App\\config\\store.js": {"path":"C:\\Users\\calebdavenport\\Code\\currency-converter\\App\\config\\store.js","statementMap":{"0":{"start":{"line":1,"column":0},"end":{"line":null,"column":-1}},"1":{"start":{"line":2,"column":0},"end":{"line":null,"column":-1}},"2":{"start":{"line":3,"column":0},"end":{"line":null,"column":-1}},"3":{"start":{"line":4,"column":0},"end":{"line":null,"column":-1}},"4":{"start":{"line":5,"column":0},"end":{"line":null,"column":-1}},"5":{"start":{"line":7,"column":0},"end":{"line":null,"column":-1}},"6":{"start":{"line":8,"column":0},"end":{"line":null,"column":-1}},"7":{"start":{"line":10,"column":23},"end":{"line":10,"column":0}},"8":{"start":{"line":11,"column":19},"end":{"line":11,"column":0}},"9":{"start":{"line":12,"column":0},"end":{"line":14,"column":1}},"10":{"start":{"line":13,"column":2},"end":{"line":null,"column":-1}},"11":{"start":{"line":16,"column":22},"end":{"line":16,"column":0}},"12":{"start":{"line":21,"column":23},"end":{"line":21,"column":0}},"13":{"start":{"line":23,"column":23},"end":{"line":23,"column":0}},"14":{"start":{"line":24,"column":16},"end":{"line":24,"column":2}},"15":{"start":{"line":25,"column":2},"end":{"line":null,"column":-1}},"16":{"start":{"line":26,"column":20},"end":{"line":26,"column":2}},"17":{"start":{"line":28,"column":2},"end":{"line":null,"column":-1}}},"fnMap":{"0":{"name":"configureStore","decl":{"start":{"line":23,"column":6},"end":{"line":23,"column":23}},"loc":{"start":{"line":23,"column":29},"end":{"line":23,"column":0}}}},"branchMap":{"0":{"loc":{"start":{"line":12,"column":0},"end":{"line":14,"column":1}},"type":"if","locations":[{"start":{"line":12,"column":0},"end":{"line":14,"column":1}},{"start":{"line":12,"column":0},"end":{"line":14,"column":1}}]}},"s":{"0":0,"1":0,"2":0,"3":0,"4":0,"5":0,"6":0,"7":0,"8":0,"9":0,"10":0,"11":0,"12":0,"13":0,"14":0,"15":0,"16":0,"17":0},"f":{"0":0},"b":{"0":[0,0]}}
,"C:\\Users\\calebdavenport\\Code\\currency-converter\\App\\reducers\\currencies.js": {"path":"C:\\Users\\calebdavenport\\Code\\currency-converter\\App\\reducers\\currencies.js","statementMap":{"0":{"start":{"line":1,"column":0},"end":{"line":null,"column":-1}},"1":{"start":{"line":11,"column":21},"end":{"line":11,"column":0}},"2":{"start":{"line":19,"column":23},"end":{"line":19,"column":0}},"3":{"start":{"line":20,"column":19},"end":{"line":20,"column":2}},"4":{"start":{"line":26,"column":2},"end":{"line":28,"column":3}},"5":{"start":{"line":27,"column":4},"end":{"line":null,"column":-1}},"6":{"start":{"line":30,"column":2},"end":{"line":null,"column":-1}},"7":{"start":{"line":36,"column":49},"end":{"line":36,"column":48}},"8":{"start":{"line":36,"column":49},"end":{"line":null,"column":-1}},"9":{"start":{"line":37,"column":2},"end":{"line":null,"column":-1}},"10":{"start":{"line":39,"column":6},"end":{"line":null,"column":-1}},"11":{"start":{"line":41,"column":6},"end":{"line":null,"column":-1}},"12":{"start":{"line":47,"column":6},"end":{"line":null,"column":-1}},"13":{"start":{"line":53,"column":6},"end":{"line":null,"column":-1}},"14":{"start":{"line":59,"column":6},"end":{"line":null,"column":-1}},"15":{"start":{"line":61,"column":6},"end":{"line":null,"column":-1}},"16":{"start":{"line":72,"column":6},"end":{"line":null,"column":-1}},"17":{"start":{"line":74,"column":6},"end":{"line":null,"column":-1}}},"fnMap":{"0":{"name":"setConversions","decl":{"start":{"line":19,"column":6},"end":{"line":19,"column":23}},"loc":{"start":{"line":19,"column":42},"end":{"line":19,"column":0}}}},"branchMap":{"0":{"loc":{"start":{"line":26,"column":2},"end":{"line":28,"column":3}},"type":"if","locations":[{"start":{"line":26,"column":2},"end":{"line":28,"column":3}},{"start":{"line":26,"column":2},"end":{"line":28,"column":3}}]},"1":{"loc":{"start":{"line":36,"column":49},"end":{"line":36,"column":23}},"type":"cond-expr","locations":[{"start":{"line":36,"column":49},"end":{"line":36,"column":23}},{"start":{"line":36,"column":24},"end":{"line":36,"column":49}}]},"2":{"loc":{"start":{"line":36,"column":49},"end":{"line":36,"column":23}},"type":"binary-expr","locations":[{"start":{"line":36,"column":49},"end":{"line":36,"column":23}},{"start":{"line":36,"column":49},"end":{"line":36,"column":23}}]},"3":{"loc":{"start":{"line":38,"column":4},"end":{"line":39,"column":6}},"type":"switch","locations":[{"start":{"line":38,"column":4},"end":{"line":39,"column":6}},{"start":{"line":40,"column":4},"end":{"line":41,"column":6}},{"start":{"line":46,"column":4},"end":{"line":47,"column":6}},{"start":{"line":52,"column":4},"end":{"line":53,"column":6}},{"start":{"line":58,"column":4},"end":{"line":59,"column":6}},{"start":{"line":60,"column":4},"end":{"line":61,"column":6}},{"start":{"line":71,"column":4},"end":{"line":72,"column":6}},{"start":{"line":73,"column":4},"end":{"line":74,"column":6}}]},"4":{"loc":{"start":{"line":39,"column":33},"end":{"line":39,"column":32}},"type":"binary-expr","locations":[{"start":{"line":39,"column":33},"end":{"line":39,"column":32}},{"start":{"line":39,"column":50},"end":{"line":39,"column":6}}]}},"s":{"0":0,"1":0,"2":0,"3":0,"4":0,"5":0,"6":0,"7":0,"8":0,"9":0,"10":0,"11":0,"12":0,"13":0,"14":0,"15":0,"16":0,"17":0},"f":{"0":0},"b":{"0":[0,0],"1":[0,0],"2":[0,0],"3":[0,0,0,0,0,0,0,0],"4":[0,0]}}
,"C:\\Users\\calebdavenport\\Code\\currency-converter\\App\\reducers\\index.js": {"path":"C:\\Users\\calebdavenport\\Code\\currency-converter\\App\\reducers\\index.js","statementMap":{"0":{"start":{"line":1,"column":0},"end":{"line":null,"column":-1}},"1":{"start":{"line":2,"column":0},"end":{"line":null,"column":-1}},"2":{"start":{"line":3,"column":0},"end":{"line":null,"column":-1}}},"fnMap":{},"branchMap":{},"s":{"0":0,"1":0,"2":0},"f":{},"b":{}}
,"C:\\Users\\calebdavenport\\Code\\currency-converter\\App\\reducers\\network.js": {"path":"C:\\Users\\calebdavenport\\Code\\currency-converter\\App\\reducers\\network.js","statementMap":{"0":{"start":{"line":1,"column":0},"end":{"line":null,"column":-1}},"1":{"start":{"line":3,"column":21},"end":{"line":3,"column":0}},"2":{"start":{"line":8,"column":20},"end":{"line":8,"column":0}},"3":{"start":{"line":9,"column":2},"end":{"line":null,"column":-1}},"4":{"start":{"line":10,"column":2},"end":{"line":12,"column":3}},"5":{"start":{"line":11,"column":4},"end":{"line":null,"column":-1}},"6":{"start":{"line":14,"column":2},"end":{"line":null,"column":-1}},"7":{"start":{"line":17,"column":49},"end":{"line":17,"column":48}},"8":{"start":{"line":17,"column":49},"end":{"line":null,"column":-1}},"9":{"start":{"line":18,"column":2},"end":{"line":null,"column":-1}},"10":{"start":{"line":20,"column":6},"end":{"line":null,"column":-1}},"11":{"start":{"line":26,"column":6},"end":{"line":null,"column":-1}}},"fnMap":{"0":{"name":"isConnected","decl":{"start":{"line":8,"column":6},"end":{"line":8,"column":20}},"loc":{"start":{"line":8,"column":32},"end":{"line":8,"column":0}}}},"branchMap":{"0":{"loc":{"start":{"line":10,"column":2},"end":{"line":12,"column":3}},"type":"if","locations":[{"start":{"line":10,"column":2},"end":{"line":12,"column":3}},{"start":{"line":10,"column":2},"end":{"line":12,"column":3}}]},"1":{"loc":{"start":{"line":17,"column":49},"end":{"line":17,"column":23}},"type":"cond-expr","locations":[{"start":{"line":17,"column":49},"end":{"line":17,"column":23}},{"start":{"line":17,"column":24},"end":{"line":17,"column":49}}]},"2":{"loc":{"start":{"line":17,"column":49},"end":{"line":17,"column":23}},"type":"binary-expr","locations":[{"start":{"line":17,"column":49},"end":{"line":17,"column":23}},{"start":{"line":17,"column":49},"end":{"line":17,"column":23}}]},"3":{"loc":{"start":{"line":19,"column":4},"end":{"line":20,"column":6}},"type":"switch","locations":[{"start":{"line":19,"column":4},"end":{"line":20,"column":6}},{"start":{"line":25,"column":4},"end":{"line":26,"column":6}}]}},"s":{"0":0,"1":0,"2":0,"3":0,"4":0,"5":0,"6":0,"7":0,"8":0,"9":0,"10":0,"11":0},"f":{"0":0},"b":{"0":[0,0],"1":[0,0],"2":[0,0],"3":[0,0]}}
,"C:\\Users\\calebdavenport\\Code\\currency-converter\\App\\reducers\\theme.js": {"path":"C:\\Users\\calebdavenport\\Code\\currency-converter\\App\\reducers\\theme.js","statementMap":{"0":{"start":{"line":1,"column":0},"end":{"line":null,"column":-1}},"1":{"start":{"line":3,"column":21},"end":{"line":3,"column":0}},"2":{"start":{"line":7,"column":49},"end":{"line":7,"column":48}},"3":{"start":{"line":7,"column":49},"end":{"line":null,"column":-1}},"4":{"start":{"line":8,"column":2},"end":{"line":null,"column":-1}},"5":{"start":{"line":10,"column":6},"end":{"line":null,"column":-1}},"6":{"start":{"line":12,"column":6},"end":{"line":null,"column":-1}}},"fnMap":{},"branchMap":{"0":{"loc":{"start":{"line":7,"column":49},"end":{"line":7,"column":23}},"type":"cond-expr","locations":[{"start":{"line":7,"column":49},"end":{"line":7,"column":23}},{"start":{"line":7,"column":24},"end":{"line":7,"column":49}}]},"1":{"loc":{"start":{"line":7,"column":49},"end":{"line":7,"column":23}},"type":"binary-expr","locations":[{"start":{"line":7,"column":49},"end":{"line":7,"column":23}},{"start":{"line":7,"column":49},"end":{"line":7,"column":23}}]},"2":{"loc":{"start":{"line":9,"column":4},"end":{"line":10,"column":6}},"type":"switch","locations":[{"start":{"line":9,"column":4},"end":{"line":10,"column":6}},{"start":{"line":11,"column":4},"end":{"line":12,"column":6}}]}},"s":{"0":0,"1":0,"2":0,"3":0,"4":0,"5":0,"6":0},"f":{},"b":{"0":[0,0],"1":[0,0],"2":[0,0]}}
,"C:\\Users\\calebdavenport\\Code\\currency-converter\\App\\screens\\CurrencyList.js": {"path":"C:\\Users\\calebdavenport\\Code\\currency-converter\\App\\screens\\CurrencyList.js","statementMap":{"0":{"start":{"line":1,"column":0},"end":{"line":null,"column":-1}},"1":{"start":{"line":2,"column":0},"end":{"line":null,"column":-1}},"2":{"start":{"line":3,"column":0},"end":{"line":null,"column":-1}},"3":{"start":{"line":5,"column":0},"end":{"line":null,"column":-1}},"4":{"start":{"line":6,"column":0},"end":{"line":null,"column":-1}},"5":{"start":{"line":7,"column":0},"end":{"line":null,"column":-1}},"6":{"start":{"line":11,"column":21},"end":{"line":10,"column":30}},"7":{"start":{"line":12,"column":4},"end":{"line":16,"column":5}},"8":{"start":{"line":13,"column":6},"end":{"line":null,"column":-1}},"9":{"start":{"line":14,"column":11},"end":{"line":16,"column":5}},"10":{"start":{"line":15,"column":6},"end":{"line":null,"column":-1}},"11":{"start":{"line":18,"column":4},"end":{"line":null,"column":-1}},"12":{"start":{"line":21,"column":11},"end":{"line":null,"column":-1}},"13":{"start":{"line":22,"column":29},"end":{"line":22,"column":4}},"14":{"start":{"line":23,"column":4},"end":{"line":25,"column":5}},"15":{"start":{"line":24,"column":6},"end":{"line":null,"column":-1}},"16":{"start":{"line":27,"column":4},"end":{"line":null,"column":-1}},"17":{"start":{"line":32,"column":22},"end":{"line":32,"column":21}},"18":{"start":{"line":32,"column":22},"end":{"line":null,"column":-1}},"19":{"start":{"line":36,"column":23},"end":{"line":null,"column":-1}},"20":{"start":{"line":41,"column":24},"end":{"line":null,"column":-1}},"21":{"start":{"line":49,"column":24},"end":{"line":49,"column":0}},"22":{"start":{"line":49,"column":24},"end":{"line":null,"column":-1}}},"fnMap":{"0":{"name":"renderItem","decl":{"start":{"line":32,"column":22},"end":{"line":null,"column":-1}},"loc":{"start":{"line":32,"column":22},"end":{"line":30,"column":8}}},"1":{"name":"onPress","decl":{"start":{"line":36,"column":23},"end":{"line":null,"column":-1}},"loc":{"start":{"line":36,"column":23},"end":{"line":33,"column":12}}},"2":{"name":"keyExtractor","decl":{"start":{"line":41,"column":24},"end":{"line":null,"column":-1}},"loc":{"start":{"line":41,"column":24},"end":{"line":30,"column":8}}},"3":{"name":"mapStateToProps","decl":{"start":{"line":49,"column":6},"end":{"line":49,"column":24}},"loc":{"start":{"line":49,"column":24},"end":{"line":49,"column":0}}}},"branchMap":{"0":{"loc":{"start":{"line":12,"column":4},"end":{"line":16,"column":5}},"type":"if","locations":[{"start":{"line":12,"column":4},"end":{"line":16,"column":5}},{"start":{"line":12,"column":4},"end":{"line":16,"column":5}}]},"1":{"loc":{"start":{"line":14,"column":11},"end":{"line":16,"column":5}},"type":"if","locations":[{"start":{"line":14,"column":11},"end":{"line":16,"column":5}},{"start":{"line":14,"column":11},"end":{"line":16,"column":5}}]},"2":{"loc":{"start":{"line":23,"column":4},"end":{"line":25,"column":5}},"type":"if","locations":[{"start":{"line":23,"column":4},"end":{"line":25,"column":5}},{"start":{"line":23,"column":4},"end":{"line":25,"column":5}}]}},"s":{"0":0,"1":0,"2":0,"3":0,"4":0,"5":0,"6":0,"7":0,"8":0,"9":0,"10":0,"11":0,"12":0,"13":0,"14":0,"15":0,"16":0,"17":0,"18":0,"19":0,"20":0,"21":0,"22":0},"f":{"0":0,"1":0,"2":0,"3":0},"b":{"0":[0,0],"1":[0,0],"2":[0,0]}}
,"C:\\Users\\calebdavenport\\Code\\currency-converter\\App\\screens\\Home.js": {"path":"C:\\Users\\calebdavenport\\Code\\currency-converter\\App\\screens\\Home.js","statementMap":{"0":{"start":{"line":1,"column":0},"end":{"line":null,"column":-1}},"1":{"start":{"line":2,"column":0},"end":{"line":null,"column":-1}},"2":{"start":{"line":3,"column":0},"end":{"line":null,"column":-1}},"3":{"start":{"line":5,"column":0},"end":{"line":null,"column":-1}},"4":{"start":{"line":6,"column":0},"end":{"line":null,"column":-1}},"5":{"start":{"line":7,"column":0},"end":{"line":null,"column":-1}},"6":{"start":{"line":8,"column":0},"end":{"line":null,"column":-1}},"7":{"start":{"line":9,"column":0},"end":{"line":null,"column":-1}},"8":{"start":{"line":10,"column":0},"end":{"line":null,"column":-1}},"9":{"start":{"line":11,"column":0},"end":{"line":null,"column":-1}},"10":{"start":{"line":13,"column":0},"end":{"line":null,"column":-1}},"11":{"start":{"line":14,"column":0},"end":{"line":null,"column":-1}},"12":{"start":{"line":17,"column":21},"end":{"line":null,"column":-1}},"13":{"start":{"line":39,"column":4},"end":{"line":null,"column":-1}},"14":{"start":{"line":40,"column":4},"end":{"line":null,"column":-1}},"15":{"start":{"line":44,"column":4},"end":{"line":null,"column":-1}},"16":{"start":{"line":48,"column":4},"end":{"line":null,"column":-1}},"17":{"start":{"line":52,"column":4},"end":{"line":null,"column":-1}},"18":{"start":{"line":56,"column":4},"end":{"line":null,"column":-1}},"19":{"start":{"line":60,"column":4},"end":{"line":null,"column":-1}},"20":{"start":{"line":64,"column":4},"end":{"line":null,"column":-1}},"21":{"start":{"line":20,"column":4},"end":{"line":null,"column":-1}},"22":{"start":{"line":24,"column":4},"end":{"line":null,"column":-1}},"23":{"start":{"line":25,"column":4},"end":{"line":null,"column":-1}},"24":{"start":{"line":29,"column":4},"end":{"line":31,"column":5}},"25":{"start":{"line":30,"column":6},"end":{"line":null,"column":-1}},"26":{"start":{"line":35,"column":4},"end":{"line":null,"column":-1}},"27":{"start":{"line":72,"column":21},"end":{"line":72,"column":4}},"28":{"start":{"line":73,"column":4},"end":{"line":75,"column":5}},"29":{"start":{"line":74,"column":6},"end":{"line":null,"column":-1}},"30":{"start":{"line":77,"column":4},"end":{"line":null,"column":-1}},"31":{"start":{"line":115,"column":24},"end":{"line":115,"column":0}},"32":{"start":{"line":116,"column":42},"end":{"line":115,"column":35}},"33":{"start":{"line":115,"column":35},"end":{"line":115,"column":34}},"34":{"start":{"line":117,"column":29},"end":{"line":117,"column":2}},"35":{"start":{"line":118,"column":16},"end":{"line":118,"column":2}},"36":{"start":{"line":120,"column":2},"end":{"line":null,"column":-1}},"37":{"start":{"line":133,"column":22},"end":{"line":133,"column":0}},"38":{"start":{"line":135,"column":15},"end":{"line":null,"column":-1}},"39":{"start":{"line":137,"column":5},"end":{"line":null,"column":-1}}},"fnMap":{"0":{"name":"Home","decl":{"start":{"line":17,"column":2},"end":{"line":17,"column":13}},"loc":{"start":{"line":17,"column":21},"end":{"line":21,"column":3}}},"1":{"name":"(anonymous_10)","decl":{"start":{"line":38,"column":24},"end":{"line":38,"column":24}},"loc":{"start":{"line":38,"column":34},"end":{"line":17,"column":21}}},"2":{"name":"(anonymous_11)","decl":{"start":{"line":43,"column":21},"end":{"line":43,"column":21}},"loc":{"start":{"line":43,"column":31},"end":{"line":17,"column":21}}},"3":{"name":"(anonymous_12)","decl":{"start":{"line":47,"column":28},"end":{"line":47,"column":33}},"loc":{"start":{"line":47,"column":34},"end":{"line":17,"column":21}}},"4":{"name":"(anonymous_13)","decl":{"start":{"line":51,"column":29},"end":{"line":51,"column":34}},"loc":{"start":{"line":51,"column":35},"end":{"line":17,"column":21}}},"5":{"name":"(anonymous_14)","decl":{"start":{"line":55,"column":23},"end":{"line":55,"column":28}},"loc":{"start":{"line":55,"column":29},"end":{"line":17,"column":21}}},"6":{"name":"(anonymous_15)","decl":{"start":{"line":59,"column":23},"end":{"line":59,"column":28}},"loc":{"start":{"line":59,"column":29},"end":{"line":17,"column":21}}},"7":{"name":"(anonymous_16)","decl":{"start":{"line":63,"column":28},"end":{"line":63,"column":33}},"loc":{"start":{"line":63,"column":34},"end":{"line":17,"column":21}}},"8":{"name":"mapStateToProps","decl":{"start":{"line":115,"column":6},"end":{"line":115,"column":24}},"loc":{"start":{"line":115,"column":35},"end":{"line":115,"column":0}}},"9":{"name":"(anonymous_23)","decl":{"start":{"line":137,"column":5},"end":{"line":null,"column":-1}},"loc":{"start":{"line":137,"column":5},"end":{"line":null,"column":-1}}}},"branchMap":{"0":{"loc":{"start":{"line":17,"column":21},"end":{"line":18,"column":9}},"type":"binary-expr","locations":[{"start":{"line":17,"column":21},"end":{"line":18,"column":9}},{"start":{"line":17,"column":21},"end":{"line":18,"column":9}}]},"1":{"loc":{"start":{"line":29,"column":4},"end":{"line":31,"column":5}},"type":"if","locations":[{"start":{"line":29,"column":4},"end":{"line":31,"column":5}},{"start":{"line":29,"column":4},"end":{"line":31,"column":5}}]},"2":{"loc":{"start":{"line":73,"column":4},"end":{"line":75,"column":5}},"type":"if","locations":[{"start":{"line":73,"column":4},"end":{"line":75,"column":5}},{"start":{"line":73,"column":4},"end":{"line":75,"column":5}}]},"3":{"loc":{"start":{"line":117,"column":29},"end":{"line":117,"column":74}},"type":"binary-expr","locations":[{"start":{"line":117,"column":29},"end":{"line":117,"column":74}},{"start":{"line":117,"column":75},"end":{"line":117,"column":2}}]},"4":{"loc":{"start":{"line":118,"column":16},"end":{"line":118,"column":15}},"type":"binary-expr","locations":[{"start":{"line":118,"column":16},"end":{"line":118,"column":15}},{"start":{"line":118,"column":44},"end":{"line":118,"column":2}}]},"5":{"loc":{"start":{"line":124,"column":20},"end":{"line":124,"column":43}},"type":"binary-expr","locations":[{"start":{"line":124,"column":20},"end":{"line":124,"column":43}},{"start":{"line":124,"column":44},"end":{"line":120,"column":9}}]},"6":{"loc":{"start":{"line":125,"column":49},"end":{"line":125,"column":23}},"type":"cond-expr","locations":[{"start":{"line":125,"column":49},"end":{"line":125,"column":23}},{"start":{"line":125,"column":85},"end":{"line":120,"column":9}}]}},"s":{"0":0,"1":0,"2":0,"3":0,"4":0,"5":0,"6":0,"7":0,"8":0,"9":0,"10":0,"11":0,"12":0,"13":0,"14":0,"15":0,"16":0,"17":0,"18":0,"19":0,"20":0,"21":0,"22":0,"23":0,"24":0,"25":0,"26":0,"27":0,"28":0,"29":0,"30":0,"31":0,"32":0,"33":0,"34":0,"35":0,"36":0,"37":0,"38":0,"39":0},"f":{"0":0,"1":0,"2":0,"3":0,"4":0,"5":0,"6":0,"7":0,"8":0,"9":0},"b":{"0":[0,0],"1":[0,0],"2":[0,0],"3":[0,0],"4":[0,0],"5":[0,0],"6":[0,0]}}
,"C:\\Users\\calebdavenport\\Code\\currency-converter\\App\\screens\\Options.js": {"path":"C:\\Users\\calebdavenport\\Code\\currency-converter\\App\\screens\\Options.js","statementMap":{"0":{"start":{"line":1,"column":0},"end":{"line":null,"column":-1}},"1":{"start":{"line":2,"column":0},"end":{"line":null,"column":-1}},"2":{"start":{"line":3,"column":0},"end":{"line":null,"column":-1}},"3":{"start":{"line":4,"column":0},"end":{"line":null,"column":-1}},"4":{"start":{"line":6,"column":19},"end":{"line":6,"column":0}},"5":{"start":{"line":7,"column":18},"end":{"line":7,"column":0}},"6":{"start":{"line":11,"column":4},"end":{"line":null,"column":-1}},"7":{"start":{"line":15,"column":4},"end":{"line":null,"column":-1}},"8":{"start":{"line":15,"column":45},"end":{"line":null,"column":-1}},"9":{"start":{"line":20,"column":4},"end":{"line":null,"column":-1}},"10":{"start":{"line":55,"column":15},"end":{"line":null,"column":-1}},"11":{"start":{"line":57,"column":5},"end":{"line":null,"column":-1}}},"fnMap":{"0":{"name":"(anonymous_12)","decl":{"start":{"line":15,"column":45},"end":{"line":null,"column":-1}},"loc":{"start":{"line":15,"column":45},"end":{"line":15,"column":4}}},"1":{"name":"(anonymous_15)","decl":{"start":{"line":57,"column":5},"end":{"line":null,"column":-1}},"loc":{"start":{"line":57,"column":5},"end":{"line":null,"column":-1}}}},"branchMap":{},"s":{"0":0,"1":0,"2":0,"3":0,"4":0,"5":0,"6":0,"7":0,"8":0,"9":0,"10":0,"11":0},"f":{"0":0,"1":0},"b":{}}
,"C:\\Users\\calebdavenport\\Code\\currency-converter\\App\\screens\\Themes.js": {"path":"C:\\Users\\calebdavenport\\Code\\currency-converter\\App\\screens\\Themes.js","statementMap":{"0":{"start":{"line":1,"column":0},"end":{"line":null,"column":-1}},"1":{"start":{"line":2,"column":0},"end":{"line":null,"column":-1}},"2":{"start":{"line":3,"column":0},"end":{"line":null,"column":-1}},"3":{"start":{"line":5,"column":0},"end":{"line":null,"column":-1}},"4":{"start":{"line":6,"column":0},"end":{"line":null,"column":-1}},"5":{"start":{"line":7,"column":0},"end":{"line":null,"column":-1}},"6":{"start":{"line":11,"column":4},"end":{"line":null,"column":-1}},"7":{"start":{"line":12,"column":4},"end":{"line":null,"column":-1}},"8":{"start":{"line":15,"column":11},"end":{"line":null,"column":-1}},"9":{"start":{"line":16,"column":4},"end":{"line":null,"column":-1}},"10":{"start":{"line":21,"column":19},"end":{"line":null,"column":-1}},"11":{"start":{"line":28,"column":19},"end":{"line":null,"column":-1}},"12":{"start":{"line":35,"column":19},"end":{"line":null,"column":-1}},"13":{"start":{"line":42,"column":19},"end":{"line":null,"column":-1}}},"fnMap":{"0":{"name":"onPress","decl":{"start":{"line":21,"column":19},"end":{"line":null,"column":-1}},"loc":{"start":{"line":21,"column":19},"end":{"line":19,"column":8}}},"1":{"name":"onPress","decl":{"start":{"line":28,"column":19},"end":{"line":null,"column":-1}},"loc":{"start":{"line":28,"column":19},"end":{"line":26,"column":8}}},"2":{"name":"onPress","decl":{"start":{"line":35,"column":19},"end":{"line":null,"column":-1}},"loc":{"start":{"line":35,"column":19},"end":{"line":33,"column":8}}},"3":{"name":"onPress","decl":{"start":{"line":42,"column":19},"end":{"line":null,"column":-1}},"loc":{"start":{"line":42,"column":19},"end":{"line":40,"column":8}}}},"branchMap":{},"s":{"0":0,"1":0,"2":0,"3":0,"4":0,"5":0,"6":0,"7":0,"8":0,"9":0,"10":0,"11":0,"12":0,"13":0},"f":{"0":0,"1":0,"2":0,"3":0},"b":{}}
,"C:\\Users\\calebdavenport\\Code\\currency-converter\\App\\util\\dates.js": {"path":"C:\\Users\\calebdavenport\\Code\\currency-converter\\App\\util\\dates.js","statementMap":{"0":{"start":{"line":1,"column":19},"end":{"line":1,"column":0}},"1":{"start":{"line":16,"column":13},"end":{"line":16,"column":7}},"2":{"start":{"line":17,"column":14},"end":{"line":17,"column":2}},"3":{"start":{"line":18,"column":21},"end":{"line":18,"column":2}},"4":{"start":{"line":19,"column":15},"end":{"line":19,"column":2}},"5":{"start":{"line":21,"column":2},"end":{"line":null,"column":-1}}},"fnMap":{"0":{"name":"formatDate","decl":{"start":{"line":16,"column":13},"end":{"line":16,"column":26}},"loc":{"start":{"line":16,"column":36},"end":{"line":16,"column":7}}}},"branchMap":{},"s":{"0":0,"1":0,"2":0,"3":0,"4":0,"5":0},"f":{"0":0},"b":{}}
}
