TN:
SF:C:\Users\calebdavenport\Code\currency-converter\App\index.js
FN:10,_class
FNF:1
FNH:0
FNDA:0,_class
DA:1,0
DA:2,0
DA:3,0
DA:5,0
DA:6,0
DA:7,0
DA:10,0
DA:13,0
DA:14,0
DA:21,0
LF:10
LH:0
BRDA:10,0,0,0
BRDA:10,0,1,0
BRF:2
BRH:0
end_of_record
TN:
SF:C:\Users\calebdavenport\Code\currency-converter\App\actions\currencies.js
FN:10,getInitialConversion
FN:14,changeCurrencyAmount
FN:19,swapCurrency
FN:23,changeBaseCurrency
FN:28,changeQuoteCurrency
FNF:5
FNH:0
FNDA:0,getInitialConversion
FNDA:0,changeCurrencyAmount
FNDA:0,swapCurrency
FNDA:0,changeBaseCurrency
FNDA:0,changeQuoteCurrency
DA:1,0
DA:2,0
DA:3,0
DA:4,0
DA:5,0
DA:7,0
DA:8,0
DA:10,0
DA:14,0
DA:19,0
DA:23,0
DA:28,0
LF:12
LH:0
BRF:0
BRH:0
end_of_record
TN:
SF:C:\Users\calebdavenport\Code\currency-converter\App\actions\network.js
FN:3,changeNetworkStatus
FNF:1
FNH:0
FNDA:0,changeNetworkStatus
DA:1,0
DA:3,0
LF:2
LH:0
BRF:0
BRH:0
end_of_record
TN:
SF:C:\Users\calebdavenport\Code\currency-converter\App\actions\theme.js
FN:3,changePrimaryColor
FNF:1
FNH:0
FNDA:0,changePrimaryColor
DA:1,0
DA:3,0
LF:2
LH:0
BRF:0
BRH:0
end_of_record
TN:
SF:C:\Users\calebdavenport\Code\currency-converter\App\components\Alert\DropdownAlert.js
FN:22,(anonymous_10)
FN:23,(anonymous_11)
FN:24,(anonymous_12)
FN:39,(anonymous_15)
FN:43,(anonymous_16)
FN:47,(anonymous_18)
FN:51,(anonymous_19)
FNF:7
FNH:0
FNDA:0,(anonymous_10)
FNDA:0,(anonymous_11)
FNDA:0,(anonymous_12)
FNDA:0,(anonymous_15)
FNDA:0,(anonymous_16)
FNDA:0,(anonymous_18)
FNDA:0,(anonymous_19)
DA:1,0
DA:2,0
DA:4,0
DA:17,0
DA:23,0
DA:24,0
DA:25,0
DA:32,0
DA:33,0
DA:38,0
DA:40,0
DA:43,0
DA:46,0
DA:48,0
DA:51,0
DA:55,0
DA:70,0
LF:17
LH:0
BRF:0
BRH:0
end_of_record
TN:
SF:C:\Users\calebdavenport\Code\currency-converter\App\components\Alert\index.js
FN:20,ref
FNF:1
FNH:0
FNDA:0,ref
DA:1,0
DA:2,0
DA:4,0
DA:6,0
DA:9,0
DA:11,0
DA:12,0
DA:21,0
LF:8
LH:0
BRF:0
BRH:0
end_of_record
TN:
SF:C:\Users\calebdavenport\Code\currency-converter\App\components\Alert\styles.js
FNF:0
FNH:0
DA:1,0
LF:1
LH:0
BRF:0
BRH:0
end_of_record
TN:
SF:C:\Users\calebdavenport\Code\currency-converter\App\components\Button\ClearButton.js
FN:6,ClearButton
FNF:1
FNH:0
FNDA:0,ClearButton
DA:1,0
DA:2,0
DA:4,0
DA:6,0
LF:4
LH:0
BRF:0
BRH:0
end_of_record
TN:
SF:C:\Users\calebdavenport\Code\currency-converter\App\components\Button\index.js
FNF:0
FNH:0
DA:1,0
DA:2,0
LF:2
LH:0
BRF:0
BRH:0
end_of_record
TN:
SF:C:\Users\calebdavenport\Code\currency-converter\App\components\Button\styles.js
FNF:0
FNH:0
DA:1,0
DA:2,0
LF:2
LH:0
BRF:0
BRH:0
end_of_record
TN:
SF:C:\Users\calebdavenport\Code\currency-converter\App\components\Container\Container.js
FN:6,Container
FNF:1
FNH:0
FNDA:0,Container
DA:1,0
DA:2,0
DA:4,0
DA:6,0
DA:7,0
DA:8,0
DA:9,0
DA:11,0
LF:8
LH:0
BRDA:8,0,0,0
BRDA:8,0,1,0
BRF:2
BRH:0
end_of_record
TN:
SF:C:\Users\calebdavenport\Code\currency-converter\App\components\Container\index.js
FNF:0
FNH:0
DA:1,0
DA:2,0
LF:2
LH:0
BRF:0
BRH:0
end_of_record
TN:
SF:C:\Users\calebdavenport\Code\currency-converter\App\components\Container\styles.js
FNF:0
FNH:0
DA:1,0
DA:2,0
LF:2
LH:0
BRF:0
BRH:0
end_of_record
TN:
SF:C:\Users\calebdavenport\Code\currency-converter\App\components\Header\Header.js
FN:6,Header
FNF:1
FNH:0
FNDA:0,Header
DA:1,0
DA:2,0
DA:4,0
DA:6,0
LF:4
LH:0
BRDA:9,0,0,0
BRDA:9,0,1,0
BRF:2
BRH:0
end_of_record
TN:
SF:C:\Users\calebdavenport\Code\currency-converter\App\components\Header\index.js
FNF:0
FNH:0
DA:1,0
DA:2,0
LF:2
LH:0
BRF:0
BRH:0
end_of_record
TN:
SF:C:\Users\calebdavenport\Code\currency-converter\App\components\Header\styles.js
FNF:0
FNH:0
DA:1,0
LF:1
LH:0
BRF:0
BRH:0
end_of_record
TN:
SF:C:\Users\calebdavenport\Code\currency-converter\App\components\List\Icon.js
FN:6,getIcon
FN:18,Icon
FNF:2
FNH:0
FNDA:0,getIcon
FNDA:0,Icon
DA:1,0
DA:2,0
DA:4,0
DA:6,0
DA:7,0
DA:9,0
DA:11,0
DA:14,0
DA:18,0
DA:20,0
DA:21,0
DA:22,0
DA:23,0
DA:24,0
DA:26,0
DA:27,0
DA:30,0
DA:31,0
DA:32,0
DA:35,0
DA:36,0
DA:39,0
DA:48,0
LF:23
LH:0
BRDA:8,0,0,0
BRDA:8,0,1,0
BRDA:8,0,2,0
BRDA:8,0,3,0
BRDA:21,1,0,0
BRDA:21,1,1,0
BRDA:23,2,0,0
BRDA:23,2,1,0
BRDA:26,3,0,0
BRDA:26,3,1,0
BRDA:31,4,0,0
BRDA:31,4,1,0
BRDA:35,5,0,0
BRDA:35,5,1,0
BRDA:42,6,0,0
BRDA:42,6,1,0
BRF:16
BRH:0
end_of_record
TN:
SF:C:\Users\calebdavenport\Code\currency-converter\App\components\List\ListItem.js
FN:8,ListItem
FNF:1
FNH:0
FNDA:0,ListItem
DA:1,0
DA:2,0
DA:4,0
DA:5,0
DA:6,0
DA:8,0
LF:6
LH:0
BRDA:11,0,0,0
BRDA:11,0,1,0
BRDA:12,1,0,0
BRDA:12,1,1,0
BRDA:13,2,0,0
BRDA:13,2,1,0
BRDA:21,3,0,0
BRDA:21,3,1,0
BRF:8
BRH:0
end_of_record
TN:
SF:C:\Users\calebdavenport\Code\currency-converter\App\components\List\Separator.js
FN:6,Separator
FNF:1
FNH:0
FNDA:0,Separator
DA:1,0
DA:2,0
DA:4,0
DA:6,0
LF:4
LH:0
BRF:0
BRH:0
end_of_record
TN:
SF:C:\Users\calebdavenport\Code\currency-converter\App\components\List\index.js
FNF:0
FNH:0
DA:1,0
DA:2,0
DA:3,0
DA:4,0
LF:4
LH:0
BRF:0
BRH:0
end_of_record
TN:
SF:C:\Users\calebdavenport\Code\currency-converter\App\components\List\styles.js
FNF:0
FNH:0
DA:1,0
DA:2,0
LF:2
LH:0
BRF:0
BRH:0
end_of_record
TN:
SF:C:\Users\calebdavenport\Code\currency-converter\App\components\Logo\Logo.js
FN:9,Logo
FN:35,(anonymous_9)
FN:48,(anonymous_10)
FNF:3
FNH:0
FNDA:0,Logo
FNDA:0,(anonymous_9)
FNDA:0,(anonymous_10)
DA:1,0
DA:2,0
DA:4,0
DA:6,0
DA:9,0
DA:12,0
DA:19,0
DA:20,0
DA:24,0
DA:31,0
DA:32,0
DA:36,0
DA:49,0
DA:62,0
DA:66,0
DA:72,0
LF:16
LH:0
BRDA:9,0,0,0
BRDA:9,0,1,0
BRDA:19,1,0,0
BRDA:19,1,1,0
BRDA:69,2,0,0
BRDA:69,2,1,0
BRF:6
BRH:0
end_of_record
TN:
SF:C:\Users\calebdavenport\Code\currency-converter\App\components\Logo\index.js
FNF:0
FNH:0
DA:1,0
DA:2,0
LF:2
LH:0
BRF:0
BRH:0
end_of_record
TN:
SF:C:\Users\calebdavenport\Code\currency-converter\App\components\Logo\styles.js
FNF:0
FNH:0
DA:1,0
DA:2,0
DA:4,0
DA:6,0
LF:4
LH:0
BRF:0
BRH:0
end_of_record
TN:
SF:C:\Users\calebdavenport\Code\currency-converter\App\components\Text\LastConverted.js
FN:7,LastConverted
FNF:1
FNH:0
FNDA:0,LastConverted
DA:1,0
DA:2,0
DA:3,0
DA:5,0
DA:7,0
LF:5
LH:0
BRF:0
BRH:0
end_of_record
TN:
SF:C:\Users\calebdavenport\Code\currency-converter\App\components\Text\index.js
FNF:0
FNH:0
DA:1,0
DA:2,0
LF:2
LH:0
BRF:0
BRH:0
end_of_record
TN:
SF:C:\Users\calebdavenport\Code\currency-converter\App\components\Text\styles.js
FNF:0
FNH:0
DA:1,0
DA:2,0
LF:2
LH:0
BRF:0
BRH:0
end_of_record
TN:
SF:C:\Users\calebdavenport\Code\currency-converter\App\components\TextInput\InputWithButton.js
FN:7,InputWithButton
FNF:1
FNH:0
FNDA:0,InputWithButton
DA:1,0
DA:2,0
DA:4,0
DA:5,0
DA:7,0
DA:8,0
DA:9,0
DA:10,0
DA:13,0
DA:14,0
DA:15,0
DA:18,0
LF:12
LH:0
BRDA:9,0,0,0
BRDA:9,0,1,0
BRDA:14,1,0,0
BRDA:14,1,1,0
BRF:4
BRH:0
end_of_record
TN:
SF:C:\Users\calebdavenport\Code\currency-converter\App\components\TextInput\index.js
FNF:0
FNH:0
DA:1,0
DA:2,0
LF:2
LH:0
BRF:0
BRH:0
end_of_record
TN:
SF:C:\Users\calebdavenport\Code\currency-converter\App\components\TextInput\styles.js
FNF:0
FNH:0
DA:1,0
DA:2,0
DA:4,0
DA:5,0
LF:4
LH:0
BRF:0
BRH:0
end_of_record
TN:
SF:C:\Users\calebdavenport\Code\currency-converter\App\config\routes.js
FN:13,header
FN:38,navigationOptions
FNF:2
FNH:0
FNDA:0,header
FNDA:0,navigationOptions
DA:1,0
DA:3,0
DA:4,0
DA:5,0
DA:6,0
DA:8,0
DA:13,0
DA:35,0
DA:38,0
LF:9
LH:0
BRF:0
BRH:0
end_of_record
TN:
SF:C:\Users\calebdavenport\Code\currency-converter\App\config\sagas.js
FN:12,requestTimeout
FN:13,(anonymous_1)
FN:14,(anonymous_2)
FN:18,getLatestRate
FN:21,fetchLatestConversionRates
FN:21,fetchLatestConversionRates$
FN:22,(anonymous_6)
FN:34,(anonymous_7)
FN:48,clearConversionError
FN:48,clearConversionError$
FN:50,(anonymous_10)
FN:57,rootSaga
FN:57,rootSaga$
FNF:13
FNH:0
FNDA:0,requestTimeout
FNDA:0,(anonymous_1)
FNDA:0,(anonymous_2)
FNDA:0,getLatestRate
FNDA:0,fetchLatestConversionRates
FNDA:0,fetchLatestConversionRates$
FNDA:0,(anonymous_6)
FNDA:0,(anonymous_7)
FNDA:0,clearConversionError
FNDA:0,clearConversionError$
FNDA:0,(anonymous_10)
FNDA:0,rootSaga
FNDA:0,rootSaga$
DA:1,0
DA:2,0
DA:4,0
DA:12,0
DA:14,0
DA:15,0
DA:18,0
DA:21,0
DA:22,0
DA:32,0
DA:34,0
DA:36,0
DA:37,0
DA:48,0
DA:49,0
DA:50,0
DA:57,0
LF:17
LH:0
BRDA:21,0,0,0
BRDA:21,0,1,0
BRDA:21,0,2,0
BRDA:21,0,3,0
BRDA:21,0,4,0
BRDA:21,0,5,0
BRDA:21,0,6,0
BRDA:21,0,7,0
BRDA:21,0,8,0
BRDA:21,0,9,0
BRDA:21,0,10,0
BRDA:21,0,11,0
BRDA:21,0,12,0
BRDA:21,0,13,0
BRDA:21,1,0,0
BRDA:21,1,1,0
BRDA:23,2,0,0
BRDA:23,2,1,0
BRDA:48,3,0,0
BRDA:48,3,1,0
BRDA:48,3,2,0
BRDA:48,3,3,0
BRDA:48,3,4,0
BRDA:48,4,0,0
BRDA:48,4,1,0
BRDA:57,5,0,0
BRDA:57,5,1,0
BRDA:57,5,2,0
BRDA:57,5,3,0
BRDA:57,5,4,0
BRDA:57,5,5,0
BRF:31
BRH:0
end_of_record
TN:
SF:C:\Users\calebdavenport\Code\currency-converter\App\config\store.js
FN:23,configureStore
FNF:1
FNH:0
FNDA:0,configureStore
DA:1,0
DA:2,0
DA:3,0
DA:4,0
DA:5,0
DA:7,0
DA:8,0
DA:10,0
DA:11,0
DA:12,0
DA:13,0
DA:16,0
DA:21,0
DA:23,0
DA:24,0
DA:25,0
DA:26,0
DA:28,0
LF:18
LH:0
BRDA:12,0,0,0
BRDA:12,0,1,0
BRF:2
BRH:0
end_of_record
TN:
SF:C:\Users\calebdavenport\Code\currency-converter\App\reducers\currencies.js
FN:19,setConversions
FNF:1
FNH:0
FNDA:0,setConversions
DA:1,0
DA:11,0
DA:19,0
DA:20,0
DA:26,0
DA:27,0
DA:30,0
DA:36,0
DA:37,0
DA:39,0
DA:41,0
DA:47,0
DA:53,0
DA:59,0
DA:61,0
DA:72,0
DA:74,0
LF:17
LH:0
BRDA:26,0,0,0
BRDA:26,0,1,0
BRDA:36,1,0,0
BRDA:36,1,1,0
BRDA:36,2,0,0
BRDA:36,2,1,0
BRDA:38,3,0,0
BRDA:38,3,1,0
BRDA:38,3,2,0
BRDA:38,3,3,0
BRDA:38,3,4,0
BRDA:38,3,5,0
BRDA:38,3,6,0
BRDA:38,3,7,0
BRDA:39,4,0,0
BRDA:39,4,1,0
BRF:16
BRH:0
end_of_record
TN:
SF:C:\Users\calebdavenport\Code\currency-converter\App\reducers\index.js
FNF:0
FNH:0
DA:1,0
DA:2,0
DA:3,0
LF:3
LH:0
BRF:0
BRH:0
end_of_record
TN:
SF:C:\Users\calebdavenport\Code\currency-converter\App\reducers\network.js
FN:8,isConnected
FNF:1
FNH:0
FNDA:0,isConnected
DA:1,0
DA:3,0
DA:8,0
DA:9,0
DA:10,0
DA:11,0
DA:14,0
DA:17,0
DA:18,0
DA:20,0
DA:26,0
LF:11
LH:0
BRDA:10,0,0,0
BRDA:10,0,1,0
BRDA:17,1,0,0
BRDA:17,1,1,0
BRDA:17,2,0,0
BRDA:17,2,1,0
BRDA:19,3,0,0
BRDA:19,3,1,0
BRF:8
BRH:0
end_of_record
TN:
SF:C:\Users\calebdavenport\Code\currency-converter\App\reducers\theme.js
FNF:0
FNH:0
DA:1,0
DA:3,0
DA:7,0
DA:8,0
DA:10,0
DA:12,0
LF:6
LH:0
BRDA:7,0,0,0
BRDA:7,0,1,0
BRDA:7,1,0,0
BRDA:7,1,1,0
BRDA:9,2,0,0
BRDA:9,2,1,0
BRF:6
BRH:0
end_of_record
TN:
SF:C:\Users\calebdavenport\Code\currency-converter\App\screens\CurrencyList.js
FN:32,renderItem
FN:36,onPress
FN:41,keyExtractor
FN:49,mapStateToProps
FNF:4
FNH:0
FNDA:0,renderItem
FNDA:0,onPress
FNDA:0,keyExtractor
FNDA:0,mapStateToProps
DA:1,0
DA:2,0
DA:3,0
DA:5,0
DA:6,0
DA:7,0
DA:11,0
DA:12,0
DA:13,0
DA:14,0
DA:15,0
DA:18,0
DA:21,0
DA:22,0
DA:23,0
DA:24,0
DA:27,0
DA:32,0
DA:36,0
DA:41,0
DA:49,0
LF:21
LH:0
BRDA:12,0,0,0
BRDA:12,0,1,0
BRDA:14,1,0,0
BRDA:14,1,1,0
BRDA:23,2,0,0
BRDA:23,2,1,0
BRF:6
BRH:0
end_of_record
TN:
SF:C:\Users\calebdavenport\Code\currency-converter\App\screens\Home.js
FN:17,Home
FN:38,(anonymous_10)
FN:43,(anonymous_11)
FN:47,(anonymous_12)
FN:51,(anonymous_13)
FN:55,(anonymous_14)
FN:59,(anonymous_15)
FN:63,(anonymous_16)
FN:115,mapStateToProps
FN:137,(anonymous_23)
FNF:10
FNH:0
FNDA:0,Home
FNDA:0,(anonymous_10)
FNDA:0,(anonymous_11)
FNDA:0,(anonymous_12)
FNDA:0,(anonymous_13)
FNDA:0,(anonymous_14)
FNDA:0,(anonymous_15)
FNDA:0,(anonymous_16)
FNDA:0,mapStateToProps
FNDA:0,(anonymous_23)
DA:1,0
DA:2,0
DA:3,0
DA:5,0
DA:6,0
DA:7,0
DA:8,0
DA:9,0
DA:10,0
DA:11,0
DA:13,0
DA:14,0
DA:17,0
DA:20,0
DA:24,0
DA:25,0
DA:29,0
DA:30,0
DA:35,0
DA:39,0
DA:40,0
DA:44,0
DA:48,0
DA:52,0
DA:56,0
DA:60,0
DA:64,0
DA:72,0
DA:73,0
DA:74,0
DA:77,0
DA:115,0
DA:116,0
DA:117,0
DA:118,0
DA:120,0
DA:133,0
DA:135,0
DA:137,0
LF:39
LH:0
BRDA:17,0,0,0
BRDA:17,0,1,0
BRDA:29,1,0,0
BRDA:29,1,1,0
BRDA:73,2,0,0
BRDA:73,2,1,0
BRDA:117,3,0,0
BRDA:117,3,1,0
BRDA:118,4,0,0
BRDA:118,4,1,0
BRDA:124,5,0,0
BRDA:124,5,1,0
BRDA:125,6,0,0
BRDA:125,6,1,0
BRF:14
BRH:0
end_of_record
TN:
SF:C:\Users\calebdavenport\Code\currency-converter\App\screens\Options.js
FN:15,(anonymous_12)
FN:57,(anonymous_15)
FNF:2
FNH:0
FNDA:0,(anonymous_12)
FNDA:0,(anonymous_15)
DA:1,0
DA:2,0
DA:3,0
DA:4,0
DA:6,0
DA:7,0
DA:11,0
DA:15,0
DA:20,0
DA:55,0
DA:57,0
LF:11
LH:0
BRF:0
BRH:0
end_of_record
TN:
SF:C:\Users\calebdavenport\Code\currency-converter\App\screens\Themes.js
FN:21,onPress
FN:28,onPress
FN:35,onPress
FN:42,onPress
FNF:4
FNH:0
FNDA:0,onPress
FNDA:0,onPress
FNDA:0,onPress
FNDA:0,onPress
DA:1,0
DA:2,0
DA:3,0
DA:5,0
DA:6,0
DA:7,0
DA:11,0
DA:12,0
DA:15,0
DA:16,0
DA:21,0
DA:28,0
DA:35,0
DA:42,0
LF:14
LH:0
BRF:0
BRH:0
end_of_record
TN:
SF:C:\Users\calebdavenport\Code\currency-converter\App\util\dates.js
FN:16,formatDate
FNF:1
FNH:0
FNDA:0,formatDate
DA:1,0
DA:16,0
DA:17,0
DA:18,0
DA:19,0
DA:21,0
LF:6
LH:0
BRF:0
BRH:0
end_of_record
